<?xml version="1.0" encoding="UTF-8"?>
<!-- Generated by org.testng.reporters.JUnitReportReporter -->
<testsuite skipped="0" hostname="DESKTOP-FEB2MM5" name="testCases.LoginPageTest" tests="2" failures="0" timestamp="14 Feb 2021 16:50:15 GMT" time="28.921" errors="0">
  <testcase name="LoginTest" time="15.165" classname="testCases.LoginPageTest"/>
  <testcase name="loginpageTitleTest" time="13.756" classname="testCases.LoginPageTest"/>
</testsuite> <!-- testCases.LoginPageTest -->
